[2021-02-11 12:04:18,810] INFO Starting the log cleaner (kafka.log.LogCleaner)
[2021-02-11 12:04:18,869] INFO [kafka-log-cleaner-thread-0]: Starting (kafka.log.LogCleaner)
[2021-02-11 15:06:05,827] INFO Shutting down the log cleaner. (kafka.log.LogCleaner)
[2021-02-11 15:06:05,829] INFO [kafka-log-cleaner-thread-0]: Shutting down (kafka.log.LogCleaner)
[2021-02-11 15:06:05,829] INFO [kafka-log-cleaner-thread-0]: Stopped (kafka.log.LogCleaner)
[2021-02-11 15:06:05,829] INFO [kafka-log-cleaner-thread-0]: Shutdown completed (kafka.log.LogCleaner)
[2021-02-11 15:06:18,186] INFO Starting the log cleaner (kafka.log.LogCleaner)
[2021-02-11 15:06:18,260] INFO [kafka-log-cleaner-thread-0]: Starting (kafka.log.LogCleaner)
[2021-02-11 15:48:00,154] INFO Shutting down the log cleaner. (kafka.log.LogCleaner)
[2021-02-11 15:48:00,155] INFO [kafka-log-cleaner-thread-0]: Shutting down (kafka.log.LogCleaner)
[2021-02-11 15:48:00,155] INFO [kafka-log-cleaner-thread-0]: Stopped (kafka.log.LogCleaner)
[2021-02-11 15:48:00,155] INFO [kafka-log-cleaner-thread-0]: Shutdown completed (kafka.log.LogCleaner)
[2021-02-11 15:48:14,752] INFO Starting the log cleaner (kafka.log.LogCleaner)
[2021-02-11 15:48:14,811] INFO [kafka-log-cleaner-thread-0]: Starting (kafka.log.LogCleaner)
[2021-02-11 16:17:22,618] INFO Shutting down the log cleaner. (kafka.log.LogCleaner)
[2021-02-11 16:17:22,619] INFO [kafka-log-cleaner-thread-0]: Shutting down (kafka.log.LogCleaner)
[2021-02-11 16:17:22,619] INFO [kafka-log-cleaner-thread-0]: Stopped (kafka.log.LogCleaner)
[2021-02-11 16:17:22,619] INFO [kafka-log-cleaner-thread-0]: Shutdown completed (kafka.log.LogCleaner)
[2021-02-12 11:00:33,602] INFO Starting the log cleaner (kafka.log.LogCleaner)
[2021-02-12 11:00:33,677] INFO [kafka-log-cleaner-thread-0]: Starting (kafka.log.LogCleaner)
[2021-02-12 11:03:32,987] INFO Shutting down the log cleaner. (kafka.log.LogCleaner)
[2021-02-12 11:03:32,987] INFO [kafka-log-cleaner-thread-0]: Shutting down (kafka.log.LogCleaner)
[2021-02-12 11:03:32,987] INFO [kafka-log-cleaner-thread-0]: Stopped (kafka.log.LogCleaner)
[2021-02-12 11:03:32,987] INFO [kafka-log-cleaner-thread-0]: Shutdown completed (kafka.log.LogCleaner)
[2021-02-12 11:03:56,602] INFO Starting the log cleaner (kafka.log.LogCleaner)
[2021-02-12 11:03:56,659] INFO [kafka-log-cleaner-thread-0]: Starting (kafka.log.LogCleaner)
[2021-02-12 11:04:57,679] INFO Shutting down the log cleaner. (kafka.log.LogCleaner)
[2021-02-12 11:04:57,679] INFO [kafka-log-cleaner-thread-0]: Shutting down (kafka.log.LogCleaner)
[2021-02-12 11:04:57,680] INFO [kafka-log-cleaner-thread-0]: Stopped (kafka.log.LogCleaner)
[2021-02-12 11:04:57,680] INFO [kafka-log-cleaner-thread-0]: Shutdown completed (kafka.log.LogCleaner)
[2021-02-12 11:05:11,853] INFO Starting the log cleaner (kafka.log.LogCleaner)
[2021-02-12 11:05:11,911] INFO [kafka-log-cleaner-thread-0]: Starting (kafka.log.LogCleaner)
[2021-02-12 11:05:23,248] INFO Starting the log cleaner (kafka.log.LogCleaner)
[2021-02-12 11:05:23,307] INFO [kafka-log-cleaner-thread-0]: Starting (kafka.log.LogCleaner)
[2021-02-12 11:06:50,641] INFO Starting the log cleaner (kafka.log.LogCleaner)
[2021-02-12 11:06:50,700] INFO [kafka-log-cleaner-thread-0]: Starting (kafka.log.LogCleaner)
[2021-02-12 11:09:13,215] INFO Starting the log cleaner (kafka.log.LogCleaner)
[2021-02-12 11:09:13,273] INFO [kafka-log-cleaner-thread-0]: Starting (kafka.log.LogCleaner)
[2021-02-12 11:23:20,852] INFO Starting the log cleaner (kafka.log.LogCleaner)
[2021-02-12 11:23:20,909] INFO [kafka-log-cleaner-thread-0]: Starting (kafka.log.LogCleaner)
[2021-02-12 11:24:21,492] INFO Starting the log cleaner (kafka.log.LogCleaner)
[2021-02-12 11:24:21,550] INFO [kafka-log-cleaner-thread-0]: Starting (kafka.log.LogCleaner)
[2021-02-12 11:26:17,014] INFO Starting the log cleaner (kafka.log.LogCleaner)
[2021-02-12 11:26:17,073] INFO [kafka-log-cleaner-thread-0]: Starting (kafka.log.LogCleaner)
[2021-02-12 11:27:48,099] INFO Shutting down the log cleaner. (kafka.log.LogCleaner)
[2021-02-12 11:27:48,099] INFO [kafka-log-cleaner-thread-0]: Shutting down (kafka.log.LogCleaner)
[2021-02-12 11:27:48,100] INFO [kafka-log-cleaner-thread-0]: Stopped (kafka.log.LogCleaner)
[2021-02-12 11:27:48,100] INFO [kafka-log-cleaner-thread-0]: Shutdown completed (kafka.log.LogCleaner)
[2021-02-12 11:28:06,581] INFO Starting the log cleaner (kafka.log.LogCleaner)
[2021-02-12 11:28:06,639] INFO [kafka-log-cleaner-thread-0]: Starting (kafka.log.LogCleaner)
[2021-02-12 11:28:52,259] INFO Starting the log cleaner (kafka.log.LogCleaner)
[2021-02-12 11:28:52,316] INFO [kafka-log-cleaner-thread-0]: Starting (kafka.log.LogCleaner)
[2021-02-12 11:30:09,321] INFO Starting the log cleaner (kafka.log.LogCleaner)
[2021-02-12 11:30:09,378] INFO [kafka-log-cleaner-thread-0]: Starting (kafka.log.LogCleaner)
[2021-02-12 11:38:36,428] INFO Starting the log cleaner (kafka.log.LogCleaner)
[2021-02-12 11:38:36,472] INFO [kafka-log-cleaner-thread-0]: Starting (kafka.log.LogCleaner)
[2021-02-12 11:48:41,990] INFO Shutting down the log cleaner. (kafka.log.LogCleaner)
[2021-02-12 11:48:41,991] INFO [kafka-log-cleaner-thread-0]: Shutting down (kafka.log.LogCleaner)
[2021-02-12 11:48:41,991] INFO [kafka-log-cleaner-thread-0]: Stopped (kafka.log.LogCleaner)
[2021-02-12 11:48:41,991] INFO [kafka-log-cleaner-thread-0]: Shutdown completed (kafka.log.LogCleaner)
[2021-02-12 11:48:55,727] INFO Starting the log cleaner (kafka.log.LogCleaner)
[2021-02-12 11:48:55,774] INFO [kafka-log-cleaner-thread-0]: Starting (kafka.log.LogCleaner)
[2021-02-12 11:58:02,462] INFO Shutting down the log cleaner. (kafka.log.LogCleaner)
[2021-02-12 11:58:02,462] INFO [kafka-log-cleaner-thread-0]: Shutting down (kafka.log.LogCleaner)
[2021-02-12 11:58:02,463] INFO [kafka-log-cleaner-thread-0]: Stopped (kafka.log.LogCleaner)
[2021-02-12 11:58:02,463] INFO [kafka-log-cleaner-thread-0]: Shutdown completed (kafka.log.LogCleaner)
[2021-02-12 12:00:01,037] INFO Starting the log cleaner (kafka.log.LogCleaner)
[2021-02-12 12:00:01,083] INFO [kafka-log-cleaner-thread-0]: Starting (kafka.log.LogCleaner)
